[2018-04-10 14:21:09] development.ERROR: Parse error: syntax error, unexpected ')', expecting ']' {"exception":"[object] (Symfony\\Component\\Debug\\Exception\\FatalThrowableError(code: 0): Parse error: syntax error, unexpected ')', expecting ']' at /Users/sid/Code/web/lab/app/Commands/Update.php:66)
[stacktrace]
#0 /Users/sid/Code/web/lab/vendor/composer/ClassLoader.php(322): Composer\\Autoload\\includeFile('/Users/sid/Code...')
#1 [internal function]: Composer\\Autoload\\ClassLoader->loadClass('App\\\\Commands\\\\Up...')
#2 [internal function]: spl_autoload_call('App\\\\Commands\\\\Up...')
#3 /Users/sid/Code/web/lab/vendor/laravel-zero/foundation/src/Illuminate/Foundation/Console/Kernel.php(218): is_subclass_of('App\\\\Commands\\\\Up...', 'Illuminate\\\\Cons...')
#4 /Users/sid/Code/web/lab/vendor/laravel-zero/framework/src/Kernel.php(104): Illuminate\\Foundation\\Console\\Kernel->load(Array)
#5 /Users/sid/Code/web/lab/vendor/laravel-zero/foundation/src/Illuminate/Foundation/Console/Kernel.php(303): LaravelZero\\Framework\\Kernel->commands()
#6 /Users/sid/Code/web/lab/vendor/laravel-zero/framework/src/Kernel.php(84): Illuminate\\Foundation\\Console\\Kernel->bootstrap()
#7 /Users/sid/Code/web/lab/vendor/laravel-zero/foundation/src/Illuminate/Foundation/Console/Kernel.php(120): LaravelZero\\Framework\\Kernel->bootstrap()
#8 /Users/sid/Code/web/lab/vendor/laravel-zero/framework/src/Kernel.php(76): Illuminate\\Foundation\\Console\\Kernel->handle(Object(Symfony\\Component\\Console\\Input\\ArgvInput), Object(Symfony\\Component\\Console\\Output\\ConsoleOutput))
#9 /Users/sid/Code/web/lab/lab(37): LaravelZero\\Framework\\Kernel->handle(Object(Symfony\\Component\\Console\\Input\\ArgvInput), Object(Symfony\\Component\\Console\\Output\\ConsoleOutput))
#10 {main}
"} 
[2018-04-10 14:21:16] development.ERROR: Undefined offset: 1 {"exception":"[object] (ErrorException(code: 0): Undefined offset: 1 at /Users/sid/Code/web/lab/app/Commands/Update.php:65)
[stacktrace]
#0 /Users/sid/Code/web/lab/app/Commands/Update.php(65): Illuminate\\Foundation\\Bootstrap\\HandleExceptions->handleError(8, 'Undefined offse...', '/Users/sid/Code...', 65, Array)
#1 [internal function]: App\\Commands\\Update->handle()
#2 /Users/sid/Code/web/lab/vendor/illuminate/container/BoundMethod.php(29): call_user_func_array(Array, Array)
#3 /Users/sid/Code/web/lab/vendor/illuminate/container/BoundMethod.php(87): Illuminate\\Container\\BoundMethod::Illuminate\\Container\\{closure}()
#4 /Users/sid/Code/web/lab/vendor/illuminate/container/BoundMethod.php(31): Illuminate\\Container\\BoundMethod::callBoundMethod(Object(LaravelZero\\Framework\\Application), Array, Object(Closure))
#5 /Users/sid/Code/web/lab/vendor/illuminate/container/Container.php(564): Illuminate\\Container\\BoundMethod::call(Object(LaravelZero\\Framework\\Application), Array, Array, NULL)
#6 /Users/sid/Code/web/lab/vendor/illuminate/console/Command.php(183): Illuminate\\Container\\Container->call(Array)
#7 /Users/sid/Code/web/lab/vendor/symfony/console/Command/Command.php(252): Illuminate\\Console\\Command->execute(Object(Symfony\\Component\\Console\\Input\\ArgvInput), Object(Illuminate\\Console\\OutputStyle))
#8 /Users/sid/Code/web/lab/vendor/illuminate/console/Command.php(170): Symfony\\Component\\Console\\Command\\Command->run(Object(Symfony\\Component\\Console\\Input\\ArgvInput), Object(Illuminate\\Console\\OutputStyle))
#9 /Users/sid/Code/web/lab/vendor/symfony/console/Application.php(865): Illuminate\\Console\\Command->run(Object(Symfony\\Component\\Console\\Input\\ArgvInput), Object(Symfony\\Component\\Console\\Output\\ConsoleOutput))
#10 /Users/sid/Code/web/lab/vendor/symfony/console/Application.php(241): Symfony\\Component\\Console\\Application->doRunCommand(Object(App\\Commands\\Update), Object(Symfony\\Component\\Console\\Input\\ArgvInput), Object(Symfony\\Component\\Console\\Output\\ConsoleOutput))
#11 /Users/sid/Code/web/lab/vendor/symfony/console/Application.php(143): Symfony\\Component\\Console\\Application->doRun(Object(Symfony\\Component\\Console\\Input\\ArgvInput), Object(Symfony\\Component\\Console\\Output\\ConsoleOutput))
#12 /Users/sid/Code/web/lab/vendor/illuminate/console/Application.php(88): Symfony\\Component\\Console\\Application->run(Object(Symfony\\Component\\Console\\Input\\ArgvInput), Object(Symfony\\Component\\Console\\Output\\ConsoleOutput))
#13 /Users/sid/Code/web/lab/vendor/laravel-zero/foundation/src/Illuminate/Foundation/Console/Kernel.php(122): Illuminate\\Console\\Application->run(Object(Symfony\\Component\\Console\\Input\\ArgvInput), Object(Symfony\\Component\\Console\\Output\\ConsoleOutput))
#14 /Users/sid/Code/web/lab/vendor/laravel-zero/framework/src/Kernel.php(76): Illuminate\\Foundation\\Console\\Kernel->handle(Object(Symfony\\Component\\Console\\Input\\ArgvInput), Object(Symfony\\Component\\Console\\Output\\ConsoleOutput))
#15 /Users/sid/Code/web/lab/lab(37): LaravelZero\\Framework\\Kernel->handle(Object(Symfony\\Component\\Console\\Input\\ArgvInput), Object(Symfony\\Component\\Console\\Output\\ConsoleOutput))
#16 {main}
"} 
[2018-04-10 14:21:24] development.ERROR: Undefined offset: 1 {"exception":"[object] (ErrorException(code: 0): Undefined offset: 1 at /Users/sid/Code/web/lab/app/Commands/Update.php:65)
[stacktrace]
#0 /Users/sid/Code/web/lab/app/Commands/Update.php(65): Illuminate\\Foundation\\Bootstrap\\HandleExceptions->handleError(8, 'Undefined offse...', '/Users/sid/Code...', 65, Array)
#1 [internal function]: App\\Commands\\Update->handle()
#2 /Users/sid/Code/web/lab/vendor/illuminate/container/BoundMethod.php(29): call_user_func_array(Array, Array)
#3 /Users/sid/Code/web/lab/vendor/illuminate/container/BoundMethod.php(87): Illuminate\\Container\\BoundMethod::Illuminate\\Container\\{closure}()
#4 /Users/sid/Code/web/lab/vendor/illuminate/container/BoundMethod.php(31): Illuminate\\Container\\BoundMethod::callBoundMethod(Object(LaravelZero\\Framework\\Application), Array, Object(Closure))
#5 /Users/sid/Code/web/lab/vendor/illuminate/container/Container.php(564): Illuminate\\Container\\BoundMethod::call(Object(LaravelZero\\Framework\\Application), Array, Array, NULL)
#6 /Users/sid/Code/web/lab/vendor/illuminate/console/Command.php(183): Illuminate\\Container\\Container->call(Array)
#7 /Users/sid/Code/web/lab/vendor/symfony/console/Command/Command.php(252): Illuminate\\Console\\Command->execute(Object(Symfony\\Component\\Console\\Input\\ArgvInput), Object(Illuminate\\Console\\OutputStyle))
#8 /Users/sid/Code/web/lab/vendor/illuminate/console/Command.php(170): Symfony\\Component\\Console\\Command\\Command->run(Object(Symfony\\Component\\Console\\Input\\ArgvInput), Object(Illuminate\\Console\\OutputStyle))
#9 /Users/sid/Code/web/lab/vendor/symfony/console/Application.php(865): Illuminate\\Console\\Command->run(Object(Symfony\\Component\\Console\\Input\\ArgvInput), Object(Symfony\\Component\\Console\\Output\\ConsoleOutput))
#10 /Users/sid/Code/web/lab/vendor/symfony/console/Application.php(241): Symfony\\Component\\Console\\Application->doRunCommand(Object(App\\Commands\\Update), Object(Symfony\\Component\\Console\\Input\\ArgvInput), Object(Symfony\\Component\\Console\\Output\\ConsoleOutput))
#11 /Users/sid/Code/web/lab/vendor/symfony/console/Application.php(143): Symfony\\Component\\Console\\Application->doRun(Object(Symfony\\Component\\Console\\Input\\ArgvInput), Object(Symfony\\Component\\Console\\Output\\ConsoleOutput))
#12 /Users/sid/Code/web/lab/vendor/illuminate/console/Application.php(88): Symfony\\Component\\Console\\Application->run(Object(Symfony\\Component\\Console\\Input\\ArgvInput), Object(Symfony\\Component\\Console\\Output\\ConsoleOutput))
#13 /Users/sid/Code/web/lab/vendor/laravel-zero/foundation/src/Illuminate/Foundation/Console/Kernel.php(122): Illuminate\\Console\\Application->run(Object(Symfony\\Component\\Console\\Input\\ArgvInput), Object(Symfony\\Component\\Console\\Output\\ConsoleOutput))
#14 /Users/sid/Code/web/lab/vendor/laravel-zero/framework/src/Kernel.php(76): Illuminate\\Foundation\\Console\\Kernel->handle(Object(Symfony\\Component\\Console\\Input\\ArgvInput), Object(Symfony\\Component\\Console\\Output\\ConsoleOutput))
#15 /Users/sid/Code/web/lab/lab(37): LaravelZero\\Framework\\Kernel->handle(Object(Symfony\\Component\\Console\\Input\\ArgvInput), Object(Symfony\\Component\\Console\\Output\\ConsoleOutput))
#16 {main}
"} 
[2018-04-10 14:22:24] development.ERROR: Unsupported operand types {"exception":"[object] (Symfony\\Component\\Debug\\Exception\\FatalThrowableError(code: 0): Unsupported operand types at /Users/sid/Code/web/lab/app/Commands/Update.php:65)
[stacktrace]
#0 [internal function]: App\\Commands\\Update->handle()
#1 /Users/sid/Code/web/lab/vendor/illuminate/container/BoundMethod.php(29): call_user_func_array(Array, Array)
#2 /Users/sid/Code/web/lab/vendor/illuminate/container/BoundMethod.php(87): Illuminate\\Container\\BoundMethod::Illuminate\\Container\\{closure}()
#3 /Users/sid/Code/web/lab/vendor/illuminate/container/BoundMethod.php(31): Illuminate\\Container\\BoundMethod::callBoundMethod(Object(LaravelZero\\Framework\\Application), Array, Object(Closure))
#4 /Users/sid/Code/web/lab/vendor/illuminate/container/Container.php(564): Illuminate\\Container\\BoundMethod::call(Object(LaravelZero\\Framework\\Application), Array, Array, NULL)
#5 /Users/sid/Code/web/lab/vendor/illuminate/console/Command.php(183): Illuminate\\Container\\Container->call(Array)
#6 /Users/sid/Code/web/lab/vendor/symfony/console/Command/Command.php(252): Illuminate\\Console\\Command->execute(Object(Symfony\\Component\\Console\\Input\\ArgvInput), Object(Illuminate\\Console\\OutputStyle))
#7 /Users/sid/Code/web/lab/vendor/illuminate/console/Command.php(170): Symfony\\Component\\Console\\Command\\Command->run(Object(Symfony\\Component\\Console\\Input\\ArgvInput), Object(Illuminate\\Console\\OutputStyle))
#8 /Users/sid/Code/web/lab/vendor/symfony/console/Application.php(865): Illuminate\\Console\\Command->run(Object(Symfony\\Component\\Console\\Input\\ArgvInput), Object(Symfony\\Component\\Console\\Output\\ConsoleOutput))
#9 /Users/sid/Code/web/lab/vendor/symfony/console/Application.php(241): Symfony\\Component\\Console\\Application->doRunCommand(Object(App\\Commands\\Update), Object(Symfony\\Component\\Console\\Input\\ArgvInput), Object(Symfony\\Component\\Console\\Output\\ConsoleOutput))
#10 /Users/sid/Code/web/lab/vendor/symfony/console/Application.php(143): Symfony\\Component\\Console\\Application->doRun(Object(Symfony\\Component\\Console\\Input\\ArgvInput), Object(Symfony\\Component\\Console\\Output\\ConsoleOutput))
#11 /Users/sid/Code/web/lab/vendor/illuminate/console/Application.php(88): Symfony\\Component\\Console\\Application->run(Object(Symfony\\Component\\Console\\Input\\ArgvInput), Object(Symfony\\Component\\Console\\Output\\ConsoleOutput))
#12 /Users/sid/Code/web/lab/vendor/laravel-zero/foundation/src/Illuminate/Foundation/Console/Kernel.php(122): Illuminate\\Console\\Application->run(Object(Symfony\\Component\\Console\\Input\\ArgvInput), Object(Symfony\\Component\\Console\\Output\\ConsoleOutput))
#13 /Users/sid/Code/web/lab/vendor/laravel-zero/framework/src/Kernel.php(76): Illuminate\\Foundation\\Console\\Kernel->handle(Object(Symfony\\Component\\Console\\Input\\ArgvInput), Object(Symfony\\Component\\Console\\Output\\ConsoleOutput))
#14 /Users/sid/Code/web/lab/lab(37): LaravelZero\\Framework\\Kernel->handle(Object(Symfony\\Component\\Console\\Input\\ArgvInput), Object(Symfony\\Component\\Console\\Output\\ConsoleOutput))
#15 {main}
"} 
